android/app/build/outputs/logs/manifest-merger-dev19-debug-report.txt
-- Merging decision tree log ---
manifest
ADDED from src/main/AndroidManifest.xml:2:1-277:12
	package
		ADDED from src/main/AndroidManifest.xml:3:3-30
		INJECTED from src/main/AndroidManifest.xml
		INJECTED from src/main/AndroidManifest.xml
	android:versionName
		INJECTED from src/main/AndroidManifest.xml
		INJECTED from src/main/AndroidManifest.xml
	xmlns:tools
		ADDED from src/main/AndroidManifest.xml:5:3-49
	xmlns:android
		ADDED from src/main/AndroidManifest.xml:4:3-61
	android:versionCode
		INJECTED from src/main/AndroidManifest.xml
		INJECTED from src/main/AndroidManifest.xml
permission#com.poc.herding.permission.C2D_MESSAGE
ADDED from src/main/AndroidManifest.xml:7:3-9:42
MERGED from [com.google.firebase:firebase-iid:9.8.0] AndroidManifest.xml:24:5-109
	android:protectionLevel
		ADDED from src/main/AndroidManifest.xml:9:5-40
	android:name
		ADDED from src/main/AndroidManifest.xml:8:5-58
uses-permission#com.poc.herding.permission.C2D_MESSAGE
ADDED from src/main/AndroidManifest.xml:12:3-76
MERGED from [com.google.firebase:firebase-iid:9.8.0] AndroidManifest.xml:26:5-78
	android:name
		ADDED from src/main/AndroidManifest.xml:12:20-73
uses-permission#com.google.android.c2dm.permission.RECEIVE
ADDED from src/main/AndroidManifest.xml:13:3-80
MERGED from [com.google.android.gms:play-services-gcm:9.8.0] AndroidManifest.xml:20:5-81
MERGED from [com.google.android.gms:play-services-iid:9.8.0] AndroidManifest.xml:20:5-81
MERGED from [com.google.firebase:firebase-iid:9.8.0] AndroidManifest.xml:22:5-81
	android:name
		ADDED from src/main/AndroidManifest.xml:13:20-77
uses-permission#android.permission.ACCESS_NETWORK_STATE
ADDED from src/main/AndroidManifest.xml:14:3-77
MERGED from [host.exp.exponent:expoview:27.0.0] AndroidManifest.xml:25:5-79
MERGED from [com.facebook.android:audience-network-sdk:4.26.1] AndroidManifest.xml:12:5-79
MERGED from [com.google.android.gms:play-services-analytics:9.8.0] AndroidManifest.xml:21:5-78
MERGED from [com.google.android.gms:play-services-analytics-impl:9.8.0] AndroidManifest.xml:21:5-78
MERGED from [com.google.android.gms:play-services-ads-lite:9.8.0] AndroidManifest.xml:20:5-78
MERGED from [com.google.android.gms:play-services-maps:9.8.0] AndroidManifest.xml:19:5-78
MERGED from [io.nlopez.smartlocation:library:3.2.11] AndroidManifest.xml:13:5-79
MERGED from [com.google.firebase:firebase-analytics:9.8.0] AndroidManifest.xml:21:5-78
MERGED from [com.google.firebase:firebase-analytics-impl:9.8.0] AndroidManifest.xml:21:5-78
MERGED from [com.google.firebase:firebase-iid:9.8.0] AndroidManifest.xml:19:5-78
	android:name
		ADDED from src/main/AndroidManifest.xml:14:20-74
uses-permission#android.permission.INTERNET
ADDED from src/main/AndroidManifest.xml:15:3-65
MERGED from [host.exp.exponent:expoview:27.0.0] AndroidManifest.xml:19:5-67
MERGED from [com.crashlytics.sdk.android:crashlytics:2.5.5] AndroidManifest.xml:9:5-67
MERGED from [com.crashlytics.sdk.android:crashlytics-core:2.3.8] AndroidManifest.xml:9:5-67
MERGED from [com.crashlytics.sdk.android:answers:1.3.6] AndroidManifest.xml:9:5-67
MERGED from [io.fabric.sdk.android:fabric:1.3.10] AndroidManifest.xml:25:5-67
MERGED from [com.crashlytics.sdk.android:beta:1.1.4] AndroidManifest.xml:9:5-67
MERGED from [com.facebook.android:audience-network-sdk:4.26.1] AndroidManifest.xml:11:5-67
MERGED from [com.google.android.gms:play-services-gcm:9.8.0] AndroidManifest.xml:21:5-66
MERGED from [com.google.android.gms:play-services-iid:9.8.0] AndroidManifest.xml:21:5-66
MERGED from [com.google.android.gms:play-services-analytics:9.8.0] AndroidManifest.xml:20:5-66
MERGED from [com.google.android.gms:play-services-analytics-impl:9.8.0] AndroidManifest.xml:20:5-66
MERGED from [com.google.android.gms:play-services-ads-lite:9.8.0] AndroidManifest.xml:19:5-66
MERGED from [com.google.android.gms:play-services-maps:9.8.0] AndroidManifest.xml:20:5-66
MERGED from [net.openid:appauth:0.4.1] AndroidManifest.xml:24:5-67
MERGED from [com.google.firebase:firebase-analytics:9.8.0] AndroidManifest.xml:20:5-66
MERGED from [com.google.firebase:firebase-analytics-impl:9.8.0] AndroidManifest.xml:20:5-66
MERGED from [com.google.firebase:firebase-iid:9.8.0] AndroidManifest.xml:20:5-66
	android:name
		ADDED from src/main/AndroidManifest.xml:15:20-62
uses-permission#android.permission.SYSTEM_ALERT_WINDOW
ADDED from src/main/AndroidManifest.xml:16:3-76
MERGED from [host.exp.exponent:expoview:27.0.0] AndroidManifest.xml:21:5-78
MERGED from [com.facebook.react:react-native:27.0.0] AndroidManifest.xml:11:5-78
MERGED from [host.exp:reactandroid-abi27_0_0:1.0.0] AndroidManifest.xml:11:5-78
MERGED from [host.exp:reactandroid-abi26_0_0:1.0.0] AndroidManifest.xml:11:5-78
MERGED from [host.exp:reactandroid-abi25_0_0:1.0.0] AndroidManifest.xml:11:5-78
MERGED from [host.exp:reactandroid-abi24_0_0:1.0.0] AndroidManifest.xml:11:5-78
MERGED from [host.exp:reactandroid-abi23:1.0.0] AndroidManifest.xml:11:5-78
MERGED from [host.exp:reactandroid-abi22:1.0.0] AndroidManifest.xml:11:5-78
MERGED from [host.exp:reactandroid-abi21:1.0.0] AndroidManifest.xml:11:5-78
	android:name
		ADDED from src/main/AndroidManifest.xml:16:20-73
uses-permission#android.permission.WAKE_LOCK
ADDED from src/main/AndroidManifest.xml:17:3-66
MERGED from [host.exp.exponent:expoview:27.0.0] AndroidManifest.xml:22:5-68
MERGED from [com.google.android.gms:play-services-analytics:9.8.0] AndroidManifest.xml:24:5-67
MERGED from [com.google.android.gms:play-services-analytics-impl:9.8.0] AndroidManifest.xml:24:5-67
MERGED from [com.google.firebase:firebase-analytics:9.8.0] AndroidManifest.xml:22:5-67
MERGED from [com.google.firebase:firebase-analytics-impl:9.8.0] AndroidManifest.xml:22:5-67
MERGED from [com.google.firebase:firebase-iid:9.8.0] AndroidManifest.xml:21:5-67
	android:name
		ADDED from src/main/AndroidManifest.xml:17:20-63
uses-feature#android.hardware.bluetooth_le
ADDED from src/main/AndroidManifest.xml:18:3-87
MERGED from [android:react-native-ble-manager:unspecified] AndroidManifest.xml:11:5-13:35
	android:required
		ADDED from src/main/AndroidManifest.xml:18:62-85
	android:name
		ADDED from src/main/AndroidManifest.xml:18:17-61
permission#com.shop.shoppinglist.permission.MAPS_RECEIVE
ADDED from src/main/AndroidManifest.xml:19:3-20:44
	android:protectionLevel
		ADDED from src/main/AndroidManifest.xml:20:7-42
	android:name
		ADDED from src/main/AndroidManifest.xml:19:20-80
uses-permission#com.shop.addtask.permission.MAPS_RECEIVE
ADDED from src/main/AndroidManifest.xml:21:3-77
	android:name
		ADDED from src/main/AndroidManifest.xml:21:20-75
uses-permission#com.google.android.providers.gsf.permission.READ_GSERVICES
ADDED from src/main/AndroidManifest.xml:22:3-23:82
MERGED from [io.nlopez.smartlocation:library:3.2.11] AndroidManifest.xml:15:5-98
	android:name
		ADDED from src/main/AndroidManifest.xml:23:7-80
uses-permission#android.permission.MANAGE_DOCUMENTS
ADDED from src/main/AndroidManifest.xml:27:3-73
MERGED from [host.exp.exponent:expoview:27.0.0] AndroidManifest.xml:26:5-75
	android:name
		ADDED from src/main/AndroidManifest.xml:27:20-70
uses-permission#android.permission.READ_INTERNAL_STORAGE
ADDED from src/main/AndroidManifest.xml:28:3-78
MERGED from [host.exp.exponent:expoview:27.0.0] AndroidManifest.xml:24:5-80
	android:name
		ADDED from src/main/AndroidManifest.xml:28:20-75
uses-permission#android.permission.READ_PHONE_STATE
ADDED from src/main/AndroidManifest.xml:29:3-73
	android:name
		ADDED from src/main/AndroidManifest.xml:29:20-70
uses-permission#android.permission.USE_FINGERPRINT
ADDED from src/main/AndroidManifest.xml:30:3-72
MERGED from [host.exp.exponent:expoview:27.0.0] AndroidManifest.xml:27:5-74
	android:name
		ADDED from src/main/AndroidManifest.xml:30:20-69
uses-permission#android.permission.VIBRATE
ADDED from src/main/AndroidManifest.xml:31:3-64
	android:name
		ADDED from src/main/AndroidManifest.xml:31:20-61
uses-permission#com.android.launcher.permission.INSTALL_SHORTCUT
ADDED from src/main/AndroidManifest.xml:32:3-86
MERGED from [host.exp.exponent:expoview:27.0.0] AndroidManifest.xml:20:5-88
	android:name
		ADDED from src/main/AndroidManifest.xml:32:20-83
uses-permission#android.permission.BLUETOOTH
ADDED from src/main/AndroidManifest.xml:33:3-65
MERGED from [android:react-native-ble-manager:unspecified] AndroidManifest.xml:7:5-68
	android:name
		ADDED from src/main/AndroidManifest.xml:33:20-63
uses-permission#android.permission.BLUETOOTH_ADMIN
ADDED from src/main/AndroidManifest.xml:34:3-71
MERGED from [android:react-native-ble-manager:unspecified] AndroidManifest.xml:8:5-74
	android:name
		ADDED from src/main/AndroidManifest.xml:34:20-69
uses-permission-sdk-23
ADDED from src/main/AndroidManifest.xml:35:3-85
	android:name
		ADDED from src/main/AndroidManifest.xml:35:27-83
uses-permission#android.permission.ACCESS_COARSE_LOCATION
ADDED from src/main/AndroidManifest.xml:38:3-79
MERGED from [android:react-native-ble-manager:unspecified] AndroidManifest.xml:9:5-81
MERGED from [host.exp.exponent:expoview:27.0.0] AndroidManifest.xml:37:5-81
MERGED from [io.nlopez.smartlocation:library:3.2.11] AndroidManifest.xml:12:5-81
	android:name
		ADDED from src/main/AndroidManifest.xml:38:20-76
uses-permission#android.permission.ACCESS_FINE_LOCATION
ADDED from src/main/AndroidManifest.xml:39:3-77
MERGED from [host.exp.exponent:expoview:27.0.0] AndroidManifest.xml:38:5-79
MERGED from [io.nlopez.smartlocation:library:3.2.11] AndroidManifest.xml:14:5-79
	android:name
		ADDED from src/main/AndroidManifest.xml:39:20-74
uses-permission#android.permission.CAMERA
ADDED from src/main/AndroidManifest.xml:40:3-63
MERGED from [host.exp.exponent:expoview:27.0.0] AndroidManifest.xml:36:5-65
MERGED from [com.google.android:cameraview:1.0.0] AndroidManifest.xml:23:5-65
	android:name
		ADDED from src/main/AndroidManifest.xml:40:20-60
uses-permission#android.permission.READ_CONTACTS
ADDED from src/main/AndroidManifest.xml:41:3-70
MERGED from [host.exp.exponent:expoview:27.0.0] AndroidManifest.xml:31:5-72
	android:name
		ADDED from src/main/AndroidManifest.xml:41:20-67
uses-permission#android.permission.READ_CALENDAR
ADDED from src/main/AndroidManifest.xml:42:3-70
MERGED from [host.exp.exponent:expoview:27.0.0] AndroidManifest.xml:32:5-72
	android:name
		ADDED from src/main/AndroidManifest.xml:42:20-67
uses-permission#android.permission.WRITE_CALENDAR
ADDED from src/main/AndroidManifest.xml:43:3-71
MERGED from [host.exp.exponent:expoview:27.0.0] AndroidManifest.xml:33:5-73
	android:name
		ADDED from src/main/AndroidManifest.xml:43:20-68
uses-permission#android.permission.READ_EXTERNAL_STORAGE
ADDED from src/main/AndroidManifest.xml:44:3-78
MERGED from [host.exp.exponent:expoview:27.0.0] AndroidManifest.xml:34:5-80
	android:name
		ADDED from src/main/AndroidManifest.xml:44:20-75
uses-permission#android.permission.RECORD_AUDIO
ADDED from src/main/AndroidManifest.xml:45:3-69
	android:name
		ADDED from src/main/AndroidManifest.xml:45:20-66
uses-permission#android.permission.WRITE_EXTERNAL_STORAGE
ADDED from src/main/AndroidManifest.xml:46:3-79
MERGED from [host.exp.exponent:expoview:27.0.0] AndroidManifest.xml:35:5-81
	android:name
		ADDED from src/main/AndroidManifest.xml:46:20-76
uses-permission#android.permission.WRITE_SETTINGS
ADDED from src/main/AndroidManifest.xml:47:3-71
	android:name
		ADDED from src/main/AndroidManifest.xml:47:20-68
uses-feature#0x00020000
ADDED from src/main/AndroidManifest.xml:52:3-77
MERGED from [com.google.android.gms:play-services-maps:9.8.0] AndroidManifest.xml:21:5-77
	android:glEsVersion
		ADDED from src/main/AndroidManifest.xml:52:17-49
	android:required
		ADDED from src/main/AndroidManifest.xml:52:50-74
application
ADDED from src/main/AndroidManifest.xml:54:3-275:17
MERGED from [host.exp.exponent:expoview:27.0.0] AndroidManifest.xml:68:5-84:19
MERGED from [com.facebook.react:react-native:27.0.0] AndroidManifest.xml:13:5-20
MERGED from [host.exp:reactandroid-abi27_0_0:1.0.0] AndroidManifest.xml:13:5-20
MERGED from [host.exp:reactandroid-abi26_0_0:1.0.0] AndroidManifest.xml:13:5-20
MERGED from [host.exp:reactandroid-abi25_0_0:1.0.0] AndroidManifest.xml:13:5-20
MERGED from [host.exp:reactandroid-abi24_0_0:1.0.0] AndroidManifest.xml:13:5-20
MERGED from [host.exp:reactandroid-abi23:1.0.0] AndroidManifest.xml:13:5-20
MERGED from [host.exp:reactandroid-abi22:1.0.0] AndroidManifest.xml:13:5-20
MERGED from [host.exp:reactandroid-abi21:1.0.0] AndroidManifest.xml:13:5-20
MERGED from [com.facebook.soloader:soloader:0.1.0] AndroidManifest.xml:3:3-17
MERGED from [org.webkit:android-jsc:r174650] AndroidManifest.xml:2:3-17
MERGED from [com.crashlytics.sdk.android:crashlytics:2.5.5] AndroidManifest.xml:11:5-20
MERGED from [com.crashlytics.sdk.android:crashlytics-core:2.3.8] AndroidManifest.xml:11:5-20
MERGED from [com.crashlytics.sdk.android:answers:1.3.6] AndroidManifest.xml:11:5-20
MERGED from [io.fabric.sdk.android:fabric:1.3.10] AndroidManifest.xml:27:5-20
MERGED from [com.crashlytics.sdk.android:beta:1.1.4] AndroidManifest.xml:11:5-20
MERGED from [com.facebook.android:facebook-android-sdk:4.28.0] AndroidManifest.xml:28:5-29:19
MERGED from [com.facebook.android:facebook-login:4.28.0] AndroidManifest.xml:28:5-29:19
MERGED from [com.facebook.android:facebook-share:4.28.0] AndroidManifest.xml:28:5-29:19
MERGED from [com.facebook.android:facebook-common:4.28.0] AndroidManifest.xml:28:5-34:19
MERGED from [com.android.support:cardview-v7:26.0.1] AndroidManifest.xml:22:5-26:19
MERGED from [com.facebook.android:facebook-places:4.28.0] AndroidManifest.xml:28:5-29:19
MERGED from [com.facebook.android:facebook-applinks:4.28.0] AndroidManifest.xml:28:5-29:19
MERGED from [com.facebook.android:facebook-messenger:4.28.0] AndroidManifest.xml:28:5-29:19
MERGED from [com.facebook.android:facebook-core:4.28.0] AndroidManifest.xml:28:5-43:19
MERGED from [com.facebook.android:audience-network-sdk:4.26.1] AndroidManifest.xml:14:5-18:19
MERGED from [com.android.support:recyclerview-v7:26.0.1] AndroidManifest.xml:22:5-26:19
MERGED from [com.google.android.gms:play-services-gcm:9.8.0] AndroidManifest.xml:23:5-19
MERGED from [com.google.android.gms:play-services-iid:9.8.0] AndroidManifest.xml:23:5-19
MERGED from [com.google.android.gms:play-services-analytics:9.8.0] AndroidManifest.xml:26:5-19
MERGED from [com.google.android.gms:play-services-analytics-impl:9.8.0] AndroidManifest.xml:26:5-19
MERGED from [com.google.android.gms:play-services-auth:9.8.0] AndroidManifest.xml:19:5-25:19
MERGED from [com.google.android.gms:play-services-ads-lite:9.8.0] AndroidManifest.xml:23:5-27:19
MERGED from [com.google.android.gms:play-services-clearcut:9.8.0] AndroidManifest.xml:18:5-19
MERGED from [com.google.android.gms:play-services-gass:9.8.0] AndroidManifest.xml:4:5-19
MERGED from [com.google.android.gms:play-services-fitness:9.8.0] AndroidManifest.xml:18:5-19
MERGED from [com.google.android.gms:play-services-location:9.8.0] AndroidManifest.xml:4:5-19
MERGED from [com.google.android.gms:play-services-vision:9.8.0] AndroidManifest.xml:4:5-19
MERGED from [com.google.android.gms:play-services-identity:9.8.0] AndroidManifest.xml:18:5-19
MERGED from [com.google.android.gms:play-services-maps:9.8.0] AndroidManifest.xml:24:5-19
MERGED from [com.google.android.gms:play-services-base:9.8.0] AndroidManifest.xml:18:5-20:19
MERGED from [com.raizlabs.android:DBFlow:2.2.1] AndroidManifest.xml:11:5-20
MERGED from [net.openid:appauth:0.4.1] AndroidManifest.xml:26:5-44:19
MERGED from [com.android.support:customtabs:26.0.1] AndroidManifest.xml:22:5-26:19
MERGED from [com.airbnb.android:lottie:2.2.0] AndroidManifest.xml:10:5-20
MERGED from [com.crashlytics.sdk.android:answers-shim:0.0.6] AndroidManifest.xml:11:5-20
MERGED from [io.nlopez.smartlocation:library:3.2.11] AndroidManifest.xml:18:5-28:19
MERGED from [com.android.support:exifinterface:26.0.1] AndroidManifest.xml:22:5-26:19
MERGED from [com.google.android:cameraview:1.0.0] AndroidManifest.xml:32:5-20
MERGED from [com.android.support:appcompat-v7:26.0.1] AndroidManifest.xml:25:5-29:19
MERGED from [com.android.support:animated-vector-drawable:26.0.1] AndroidManifest.xml:22:5-26:19
MERGED from [com.android.support:support-vector-drawable:26.0.1] AndroidManifest.xml:22:5-26:19
MERGED from [com.google.firebase:firebase-messaging:9.8.0] AndroidManifest.xml:19:5-29:19
MERGED from [com.google.maps.android:android-maps-utils:0.5] AndroidManifest.xml:7:5-11:19
MERGED from [com.google.firebase:firebase-core:9.8.0] AndroidManifest.xml:5:5-20
MERGED from [com.google.firebase:firebase-analytics:9.8.0] AndroidManifest.xml:24:5-33:19
MERGED from [com.google.firebase:firebase-analytics-impl:9.8.0] AndroidManifest.xml:24:5-28:19
MERGED from [com.google.firebase:firebase-iid:9.8.0] AndroidManifest.xml:28:5-50:19
MERGED from [com.google.firebase:firebase-common:9.8.0] AndroidManifest.xml:4:5-7:19
MERGED from [com.google.android.gms:play-services-tasks:9.8.0] AndroidManifest.xml:4:5-19
MERGED from [com.google.android.gms:play-services-basement:9.8.0] AndroidManifest.xml:19:5-21:19
MERGED from [com.android.support:support-v4:26.0.1] AndroidManifest.xml:25:5-29:19
MERGED from [com.android.support:support-media-compat:26.0.1] AndroidManifest.xml:25:5-29:19
MERGED from [com.android.support:support-fragment:26.0.1] AndroidManifest.xml:25:5-29:19
MERGED from [com.android.support:support-core-ui:26.0.1] AndroidManifest.xml:25:5-29:19
MERGED from [com.android.support:support-core-utils:26.0.1] AndroidManifest.xml:25:5-29:19
MERGED from [com.android.support:support-compat:26.0.1] AndroidManifest.xml:25:5-29:19
	android:label
		ADDED from src/main/AndroidManifest.xml:58:5-37
	android:supportsRtl
		ADDED from [com.facebook.android:facebook-android-sdk:4.28.0] AndroidManifest.xml:28:18-44
	android:allowBackup
		ADDED from src/main/AndroidManifest.xml:56:5-31
	android:icon
		ADDED from src/main/AndroidManifest.xml:57:5-39
	android:largeHeap
		ADDED from src/main/AndroidManifest.xml:59:5-29
	android:name
		ADDED from src/main/AndroidManifest.xml:55:5-36
activity#host.exp.exponent.LauncherActivity
ADDED from src/main/AndroidManifest.xml:61:5-68:16
	android:screenOrientation
		ADDED from src/main/AndroidManifest.xml:65:7-43
	android:launchMode
		ADDED from src/main/AndroidManifest.xml:64:7-38
	android:exported
		ADDED from src/main/AndroidManifest.xml:63:7-30
	android:theme
		ADDED from src/main/AndroidManifest.xml:66:7-66
	android:name
		ADDED from src/main/AndroidManifest.xml:62:7-39
activity#host.exp.exponent.experience.ExperienceActivity
ADDED from src/main/AndroidManifest.xml:70:5-75:16
	android:windowSoftInputMode
		ADDED from src/main/AndroidManifest.xml:74:7-49
	android:configChanges
		ADDED from src/main/AndroidManifest.xml:72:7-77
	android:theme
		ADDED from src/main/AndroidManifest.xml:73:7-50
	android:name
		ADDED from src/main/AndroidManifest.xml:71:7-52
activity#host.exp.exponent.MainActivity
ADDED from src/main/AndroidManifest.xml:77:5-96:16
	android:launchMode
		ADDED from src/main/AndroidManifest.xml:79:7-38
	android:windowSoftInputMode
		ADDED from src/main/AndroidManifest.xml:82:7-49
	android:configChanges
		ADDED from src/main/AndroidManifest.xml:80:7-77
	android:theme
		ADDED from src/main/AndroidManifest.xml:81:7-51
	android:name
		ADDED from src/main/AndroidManifest.xml:78:7-35
intent-filter#android.intent.action.VIEW+android.intent.category.BROWSABLE+android.intent.category.DEFAULT
ADDED from src/main/AndroidManifest.xml:83:7-90:23
data
ADDED from src/main/AndroidManifest.xml:84:9-69
	android:scheme
		ADDED from src/main/AndroidManifest.xml:84:15-67
action#android.intent.action.VIEW
ADDED from src/main/AndroidManifest.xml:86:9-60
	android:name
		ADDED from src/main/AndroidManifest.xml:86:17-58
category#android.intent.category.DEFAULT
ADDED from src/main/AndroidManifest.xml:88:9-67
	android:name
		ADDED from src/main/AndroidManifest.xml:88:19-65
category#android.intent.category.BROWSABLE
ADDED from src/main/AndroidManifest.xml:89:9-69
	android:name
		ADDED from src/main/AndroidManifest.xml:89:19-67
intent-filter#android.intent.action.MAIN+android.intent.category.LAUNCHER
ADDED from src/main/AndroidManifest.xml:91:7-95:23
action#android.intent.action.MAIN
ADDED from src/main/AndroidManifest.xml:92:9-60
	android:name
		ADDED from src/main/AndroidManifest.xml:92:17-58
category#android.intent.category.LAUNCHER
ADDED from src/main/AndroidManifest.xml:94:9-68
	android:name
		ADDED from src/main/AndroidManifest.xml:94:19-66
activity#host.exp.exponent.experience.ShellAppActivity
ADDED from src/main/AndroidManifest.xml:98:5-104:16
	android:windowSoftInputMode
		ADDED from src/main/AndroidManifest.xml:102:7-49
	android:configChanges
		ADDED from src/main/AndroidManifest.xml:100:7-77
	android:theme
		ADDED from src/main/AndroidManifest.xml:101:7-51
	android:name
		ADDED from src/main/AndroidManifest.xml:99:7-50
activity#host.exp.exponent.experience.HomeActivity
ADDED from src/main/AndroidManifest.xml:106:5-112:16
	android:screenOrientation
		ADDED from src/main/AndroidManifest.xml:110:7-43
	android:label
		ADDED from src/main/AndroidManifest.xml:108:7-39
	android:launchMode
		ADDED from src/main/AndroidManifest.xml:109:7-38
	android:theme
		ADDED from src/main/AndroidManifest.xml:111:7-50
	android:name
		ADDED from src/main/AndroidManifest.xml:107:7-46
activity#com.facebook.react.devsupport.DevSettingsActivity
ADDED from src/main/AndroidManifest.xml:114:5-81
	android:name
		ADDED from src/main/AndroidManifest.xml:114:15-79
activity#abi27_0_0.com.facebook.react.devsupport.DevSettingsActivity
ADDED from src/main/AndroidManifest.xml:116:5-91
	android:name
		ADDED from src/main/AndroidManifest.xml:116:15-89
activity#abi26_0_0.com.facebook.react.devsupport.DevSettingsActivity
ADDED from src/main/AndroidManifest.xml:117:5-91
	android:name
		ADDED from src/main/AndroidManifest.xml:117:15-89
activity#abi25_0_0.com.facebook.react.devsupport.DevSettingsActivity
ADDED from src/main/AndroidManifest.xml:118:5-91
	android:name
		ADDED from src/main/AndroidManifest.xml:118:15-89
activity#abi24_0_0.com.facebook.react.devsupport.DevSettingsActivity
ADDED from src/main/AndroidManifest.xml:119:5-91
	android:name
		ADDED from src/main/AndroidManifest.xml:119:15-89
activity#abi23_0_0.com.facebook.react.devsupport.DevSettingsActivity
ADDED from src/main/AndroidManifest.xml:120:5-91
	android:name
		ADDED from src/main/AndroidManifest.xml:120:15-89
activity#abi22_0_0.com.facebook.react.devsupport.DevSettingsActivity
ADDED from src/main/AndroidManifest.xml:121:5-91
	android:name
		ADDED from src/main/AndroidManifest.xml:121:15-89
activity#abi21_0_0.com.facebook.react.devsupport.DevSettingsActivity
ADDED from src/main/AndroidManifest.xml:122:5-91
	android:name
		ADDED from src/main/AndroidManifest.xml:122:15-89
activity#host.exp.exponent.ExponentDevActivity
ADDED from src/main/AndroidManifest.xml:124:5-131:16
	android:screenOrientation
		ADDED from src/main/AndroidManifest.xml:128:7-43
	android:label
		ADDED from src/main/AndroidManifest.xml:127:7-48
	android:exported
		ADDED from src/main/AndroidManifest.xml:126:7-30
	android:windowSoftInputMode
		ADDED from src/main/AndroidManifest.xml:130:7-46
	android:theme
		ADDED from src/main/AndroidManifest.xml:129:7-49
	android:name
		ADDED from src/main/AndroidManifest.xml:125:7-42
activity#host.exp.exponent.oauth.OAuthWebViewActivity
ADDED from src/main/AndroidManifest.xml:133:5-137:16
	android:screenOrientation
		ADDED from src/main/AndroidManifest.xml:135:7-43
	android:theme
		ADDED from src/main/AndroidManifest.xml:136:7-50
	android:name
		ADDED from src/main/AndroidManifest.xml:134:7-49
activity#net.openid.appauth.RedirectUriReceiverActivity
ADDED from src/main/AndroidManifest.xml:139:5-148:16
REJECTED from [net.openid:appauth:0.4.1] AndroidManifest.xml:32:9-43:20
	tools:node
		ADDED from src/main/AndroidManifest.xml:141:9-29
	android:name
		ADDED from src/main/AndroidManifest.xml:140:9-70
activity#host.exp.exponent.oauth.OAuthResultActivity
ADDED from src/main/AndroidManifest.xml:150:5-152:16
	android:name
		ADDED from src/main/AndroidManifest.xml:151:7-48
activity#host.exp.exponent.chrometabs.ChromeTabsManagerActivity
ADDED from src/main/AndroidManifest.xml:154:5-156:16
	android:name
		ADDED from src/main/AndroidManifest.xml:155:7-59
activity#host.exp.exponent.experience.ErrorActivity
ADDED from src/main/AndroidManifest.xml:158:5-162:16
	android:screenOrientation
		ADDED from src/main/AndroidManifest.xml:161:7-43
	android:theme
		ADDED from src/main/AndroidManifest.xml:160:7-49
	android:name
		ADDED from src/main/AndroidManifest.xml:159:7-47
activity#host.exp.exponent.experience.InfoActivity
ADDED from src/main/AndroidManifest.xml:164:5-168:16
	android:screenOrientation
		ADDED from src/main/AndroidManifest.xml:166:7-43
	android:theme
		ADDED from src/main/AndroidManifest.xml:167:7-50
	android:name
		ADDED from src/main/AndroidManifest.xml:165:7-46
activity#com.facebook.FacebookActivity
ADDED from src/main/AndroidManifest.xml:170:5-175:39
MERGED from [com.facebook.android:facebook-common:4.28.0] AndroidManifest.xml:29:9-32:66
	android:label
		ADDED from src/main/AndroidManifest.xml:173:7-39
	android:configChanges
		ADDED from src/main/AndroidManifest.xml:172:7-90
	android:theme
		ADDED from src/main/AndroidManifest.xml:174:7-66
		REJECTED from [com.facebook.android:facebook-common:4.28.0] AndroidManifest.xml:32:13-63
	tools:replace
		ADDED from src/main/AndroidManifest.xml:175:7-36
	android:name
		ADDED from src/main/AndroidManifest.xml:171:7-51
activity#com.facebook.ads.InterstitialAdActivity
ADDED from src/main/AndroidManifest.xml:177:5-181:69
	android:label
		ADDED from src/main/AndroidManifest.xml:180:7-39
	android:configChanges
		ADDED from src/main/AndroidManifest.xml:179:7-90
	android:theme
		ADDED from src/main/AndroidManifest.xml:181:7-66
	android:name
		ADDED from src/main/AndroidManifest.xml:178:7-61
service#host.exp.exponent.ExponentIntentService
ADDED from src/main/AndroidManifest.xml:183:5-185:34
	android:exported
		ADDED from src/main/AndroidManifest.xml:185:7-31
	android:name
		ADDED from src/main/AndroidManifest.xml:184:7-44
receiver#host.exp.exponent.referrer.InstallReferrerReceiver
ADDED from src/main/AndroidManifest.xml:188:5-194:16
	android:exported
		ADDED from src/main/AndroidManifest.xml:190:7-30
	android:name
		ADDED from src/main/AndroidManifest.xml:189:7-72
intent-filter#com.android.vending.INSTALL_REFERRER
ADDED from src/main/AndroidManifest.xml:191:7-193:23
action#com.android.vending.INSTALL_REFERRER
ADDED from src/main/AndroidManifest.xml:192:9-71
	android:name
		ADDED from src/main/AndroidManifest.xml:192:17-68
receiver#com.google.android.gms.analytics.AnalyticsReceiver
ADDED from src/main/AndroidManifest.xml:204:5-209:16
	android:enabled
		ADDED from src/main/AndroidManifest.xml:205:15-37
	android:name
		ADDED from src/main/AndroidManifest.xml:204:15-80
intent-filter#com.google.android.gms.analytics.ANALYTICS_DISPATCH
ADDED from src/main/AndroidManifest.xml:206:7-208:23
action#com.google.android.gms.analytics.ANALYTICS_DISPATCH
ADDED from src/main/AndroidManifest.xml:207:9-86
	android:name
		ADDED from src/main/AndroidManifest.xml:207:17-83
service#com.google.android.gms.analytics.AnalyticsService
ADDED from src/main/AndroidManifest.xml:211:5-213:40
	android:enabled
		ADDED from src/main/AndroidManifest.xml:212:14-36
	android:exported
		ADDED from src/main/AndroidManifest.xml:213:14-38
	android:name
		ADDED from src/main/AndroidManifest.xml:211:14-78
x
ADDED from src/main/AndroidManifest.xml:213:41-48
receiver#com.google.android.gms.gcm.GcmReceiver
ADDED from src/main/AndroidManifest.xml:216:5-226:16
	android:exported
		ADDED from src/main/AndroidManifest.xml:218:7-30
	android:permission
		ADDED from src/main/AndroidManifest.xml:219:7-67
	android:name
		ADDED from src/main/AndroidManifest.xml:217:7-60
intent-filter#com.google.android.c2dm.intent.RECEIVE+com.google.android.c2dm.intent.REGISTRATION+com.poc.herding
ADDED from src/main/AndroidManifest.xml:220:7-225:23
action#com.google.android.c2dm.intent.RECEIVE
ADDED from src/main/AndroidManifest.xml:221:9-72
	android:name
		ADDED from src/main/AndroidManifest.xml:221:17-70
action#com.google.android.c2dm.intent.REGISTRATION
ADDED from src/main/AndroidManifest.xml:222:9-77
	android:name
		ADDED from src/main/AndroidManifest.xml:222:17-75
category#com.poc.herding
ADDED from src/main/AndroidManifest.xml:224:9-51
	android:name
		ADDED from src/main/AndroidManifest.xml:224:19-49
service#host.exp.exponent.gcm.ExponentGcmListenerService
ADDED from src/main/AndroidManifest.xml:228:5-234:15
	android:exported
		ADDED from src/main/AndroidManifest.xml:230:7-31
	android:name
		ADDED from src/main/AndroidManifest.xml:229:7-53
intent-filter#com.google.android.c2dm.intent.RECEIVE
ADDED from src/main/AndroidManifest.xml:231:7-233:25
service#host.exp.exponent.gcm.ExponentInstanceIDListenerService
ADDED from src/main/AndroidManifest.xml:235:5-241:15
	android:exported
		ADDED from src/main/AndroidManifest.xml:237:7-31
	android:name
		ADDED from src/main/AndroidManifest.xml:236:7-60
intent-filter#com.google.android.gms.iid.InstanceID
ADDED from src/main/AndroidManifest.xml:238:7-240:23
action#com.google.android.gms.iid.InstanceID
ADDED from src/main/AndroidManifest.xml:239:9-71
	android:name
		ADDED from src/main/AndroidManifest.xml:239:17-69
service#host.exp.exponent.gcm.GcmRegistrationIntentService
ADDED from src/main/AndroidManifest.xml:242:5-245:15
	android:exported
		ADDED from src/main/AndroidManifest.xml:244:7-31
	android:name
		ADDED from src/main/AndroidManifest.xml:243:7-55
activity#com.theartofdev.edmodo.cropper.CropImageActivity
ADDED from src/main/AndroidManifest.xml:250:5-253:16
	android:theme
		ADDED from src/main/AndroidManifest.xml:252:7-50
	android:name
		ADDED from src/main/AndroidManifest.xml:251:7-70
meta-data#io.fabric.ApiKey
ADDED from src/main/AndroidManifest.xml:258:5-260:65
	android:value
		ADDED from src/main/AndroidManifest.xml:260:7-63
	android:name
		ADDED from src/main/AndroidManifest.xml:259:7-38